{"contracts\\ISimpleDEX.sol":{"l":{},"path":"E:\\test\\simpleDEX\\contracts\\ISimpleDEX.sol","s":{},"b":{},"f":{},"fnMap":{},"statementMap":{},"branchMap":{}},"contracts\\Lock.sol":{"l":{"14":2,"19":1,"20":1,"27":5,"28":4,"30":3,"32":3},"path":"E:\\test\\simpleDEX\\contracts\\Lock.sol","s":{"1":2,"2":5,"3":4,"4":3,"5":3},"b":{"1":[1,1],"2":[4,1],"3":[3,1]},"f":{"1":2,"2":5},"fnMap":{"1":{"name":"constructor","line":13,"loc":{"start":{"line":13,"column":4},"end":{"line":21,"column":4}}},"2":{"name":"withdraw","line":23,"loc":{"start":{"line":23,"column":4},"end":{"line":33,"column":4}}}},"statementMap":{"1":{"start":{"line":14,"column":8},"end":{"line":14,"column":328}},"2":{"start":{"line":27,"column":8},"end":{"line":27,"column":71}},"3":{"start":{"line":28,"column":8},"end":{"line":28,"column":59}},"4":{"start":{"line":30,"column":8},"end":{"line":30,"column":63}},"5":{"start":{"line":32,"column":8},"end":{"line":32,"column":44}}},"branchMap":{"1":{"line":14,"type":"if","locations":[{"start":{"line":14,"column":8},"end":{"line":14,"column":8}},{"start":{"line":14,"column":8},"end":{"line":14,"column":8}}]},"2":{"line":27,"type":"if","locations":[{"start":{"line":27,"column":8},"end":{"line":27,"column":8}},{"start":{"line":27,"column":8},"end":{"line":27,"column":8}}]},"3":{"line":28,"type":"if","locations":[{"start":{"line":28,"column":8},"end":{"line":28,"column":8}},{"start":{"line":28,"column":8},"end":{"line":28,"column":8}}]}}},"contracts\\SimpleDex.sol":{"l":{"21":2,"22":2,"27":2,"28":1,"29":1,"32":1,"33":1,"36":1,"37":1,"39":1,"44":1,"45":1,"48":1,"49":1,"52":1,"53":1,"55":1,"60":2,"61":2,"62":1,"64":1,"65":1,"68":1,"69":1,"72":1,"73":1,"75":1,"80":1,"81":1,"82":1,"84":1,"85":1,"88":1,"89":1,"92":1,"93":1,"95":1,"99":2,"100":1,"102":1,"104":0,"109":2,"110":2,"113":2,"114":2,"115":2},"path":"E:\\test\\simpleDEX\\contracts\\SimpleDex.sol","s":{"1":2,"2":1,"3":1,"4":1,"5":1,"6":1,"7":1,"8":1,"9":1,"10":1,"11":1,"12":2,"13":2,"14":1,"15":1,"16":1,"17":1,"18":1,"19":1,"20":1,"21":1,"22":1,"23":1,"24":1,"25":1,"26":1,"27":1,"28":2,"29":1,"30":1,"31":1,"32":0,"33":2,"34":2,"35":2,"36":2,"37":2},"b":{"1":[2,1],"2":[2,0],"3":[1,1],"4":[1,0],"5":[1,0],"6":[1,0],"7":[1,0],"8":[1,0],"9":[1,0],"10":[1,0],"11":[1,0],"12":[1,0],"13":[1,0],"14":[2,0],"15":[2,0],"16":[1,1],"17":[1,0],"18":[1,0],"19":[1,0],"20":[1,0],"21":[1,0],"22":[1,0],"23":[1,0],"24":[1,0],"25":[1,0],"26":[1,0],"27":[1,0],"28":[1,1],"29":[1,0],"30":[2,0],"31":[2,0]},"f":{"1":2,"2":2,"3":1,"4":2,"5":1,"6":2,"7":2},"fnMap":{"1":{"name":"constructor","line":20,"loc":{"start":{"line":20,"column":4},"end":{"line":23,"column":4}}},"2":{"name":"addLiquidity","line":25,"loc":{"start":{"line":25,"column":4},"end":{"line":40,"column":4}}},"3":{"name":"removeLiquidity","line":42,"loc":{"start":{"line":42,"column":4},"end":{"line":56,"column":4}}},"4":{"name":"swapAforB","line":58,"loc":{"start":{"line":58,"column":4},"end":{"line":76,"column":4}}},"5":{"name":"swapBforA","line":78,"loc":{"start":{"line":78,"column":4},"end":{"line":96,"column":4}}},"6":{"name":"getPrice","line":98,"loc":{"start":{"line":98,"column":4},"end":{"line":106,"column":4}}},"7":{"name":"getAmountOut","line":108,"loc":{"start":{"line":108,"column":4},"end":{"line":116,"column":4}}}},"statementMap":{"1":{"start":{"line":27,"column":8},"end":{"line":27,"column":61}},"2":{"start":{"line":28,"column":8},"end":{"line":28,"column":103}},"3":{"start":{"line":29,"column":8},"end":{"line":29,"column":103}},"4":{"start":{"line":36,"column":8},"end":{"line":36,"column":97}},"5":{"start":{"line":37,"column":8},"end":{"line":37,"column":97}},"6":{"start":{"line":39,"column":8},"end":{"line":39,"column":57}},"7":{"start":{"line":44,"column":8},"end":{"line":44,"column":83}},"8":{"start":{"line":45,"column":8},"end":{"line":45,"column":61}},"9":{"start":{"line":52,"column":8},"end":{"line":52,"column":78}},"10":{"start":{"line":53,"column":8},"end":{"line":53,"column":78}},"11":{"start":{"line":55,"column":8},"end":{"line":55,"column":59}},"12":{"start":{"line":60,"column":8},"end":{"line":60,"column":47}},"13":{"start":{"line":61,"column":8},"end":{"line":61,"column":60}},"14":{"start":{"line":62,"column":8},"end":{"line":62,"column":105}},"15":{"start":{"line":64,"column":8},"end":{"line":64,"column":72}},"16":{"start":{"line":65,"column":8},"end":{"line":65,"column":64}},"17":{"start":{"line":72,"column":8},"end":{"line":72,"column":99}},"18":{"start":{"line":73,"column":8},"end":{"line":73,"column":81}},"19":{"start":{"line":75,"column":8},"end":{"line":75,"column":69}},"20":{"start":{"line":80,"column":8},"end":{"line":80,"column":47}},"21":{"start":{"line":81,"column":8},"end":{"line":81,"column":60}},"22":{"start":{"line":82,"column":8},"end":{"line":82,"column":105}},"23":{"start":{"line":84,"column":8},"end":{"line":84,"column":72}},"24":{"start":{"line":85,"column":8},"end":{"line":85,"column":64}},"25":{"start":{"line":92,"column":8},"end":{"line":92,"column":99}},"26":{"start":{"line":93,"column":8},"end":{"line":93,"column":81}},"27":{"start":{"line":95,"column":8},"end":{"line":95,"column":69}},"28":{"start":{"line":99,"column":8},"end":{"line":99,"column":4079}},"29":{"start":{"line":100,"column":12},"end":{"line":100,"column":49}},"30":{"start":{"line":101,"column":15},"end":{"line":101,"column":4180}},"31":{"start":{"line":102,"column":12},"end":{"line":102,"column":49}},"32":{"start":{"line":104,"column":12},"end":{"line":104,"column":42}},"33":{"start":{"line":109,"column":8},"end":{"line":109,"column":52}},"34":{"start":{"line":110,"column":8},"end":{"line":110,"column":63}},"35":{"start":{"line":113,"column":8},"end":{"line":113,"column":49}},"36":{"start":{"line":114,"column":8},"end":{"line":114,"column":50}},"37":{"start":{"line":115,"column":8},"end":{"line":115,"column":38}}},"branchMap":{"1":{"line":25,"type":"if","locations":[{"start":{"line":25,"column":78},"end":{"line":25,"column":78}},{"start":{"line":25,"column":78},"end":{"line":25,"column":78}}]},"2":{"line":25,"type":"if","locations":[{"start":{"line":25,"column":88},"end":{"line":25,"column":88}},{"start":{"line":25,"column":88},"end":{"line":25,"column":88}}]},"3":{"line":27,"type":"if","locations":[{"start":{"line":27,"column":8},"end":{"line":27,"column":8}},{"start":{"line":27,"column":8},"end":{"line":27,"column":8}}]},"4":{"line":28,"type":"if","locations":[{"start":{"line":28,"column":8},"end":{"line":28,"column":8}},{"start":{"line":28,"column":8},"end":{"line":28,"column":8}}]},"5":{"line":29,"type":"if","locations":[{"start":{"line":29,"column":8},"end":{"line":29,"column":8}},{"start":{"line":29,"column":8},"end":{"line":29,"column":8}}]},"6":{"line":36,"type":"if","locations":[{"start":{"line":36,"column":8},"end":{"line":36,"column":8}},{"start":{"line":36,"column":8},"end":{"line":36,"column":8}}]},"7":{"line":37,"type":"if","locations":[{"start":{"line":37,"column":8},"end":{"line":37,"column":8}},{"start":{"line":37,"column":8},"end":{"line":37,"column":8}}]},"8":{"line":42,"type":"if","locations":[{"start":{"line":42,"column":81},"end":{"line":42,"column":81}},{"start":{"line":42,"column":81},"end":{"line":42,"column":81}}]},"9":{"line":42,"type":"if","locations":[{"start":{"line":42,"column":91},"end":{"line":42,"column":91}},{"start":{"line":42,"column":91},"end":{"line":42,"column":91}}]},"10":{"line":44,"type":"if","locations":[{"start":{"line":44,"column":8},"end":{"line":44,"column":8}},{"start":{"line":44,"column":8},"end":{"line":44,"column":8}}]},"11":{"line":45,"type":"if","locations":[{"start":{"line":45,"column":8},"end":{"line":45,"column":8}},{"start":{"line":45,"column":8},"end":{"line":45,"column":8}}]},"12":{"line":52,"type":"if","locations":[{"start":{"line":52,"column":8},"end":{"line":52,"column":8}},{"start":{"line":52,"column":8},"end":{"line":52,"column":8}}]},"13":{"line":53,"type":"if","locations":[{"start":{"line":53,"column":8},"end":{"line":53,"column":8}},{"start":{"line":53,"column":8},"end":{"line":53,"column":8}}]},"14":{"line":58,"type":"if","locations":[{"start":{"line":58,"column":60},"end":{"line":58,"column":60}},{"start":{"line":58,"column":60},"end":{"line":58,"column":60}}]},"15":{"line":60,"type":"if","locations":[{"start":{"line":60,"column":8},"end":{"line":60,"column":8}},{"start":{"line":60,"column":8},"end":{"line":60,"column":8}}]},"16":{"line":61,"type":"if","locations":[{"start":{"line":61,"column":8},"end":{"line":61,"column":8}},{"start":{"line":61,"column":8},"end":{"line":61,"column":8}}]},"17":{"line":62,"type":"if","locations":[{"start":{"line":62,"column":8},"end":{"line":62,"column":8}},{"start":{"line":62,"column":8},"end":{"line":62,"column":8}}]},"18":{"line":65,"type":"if","locations":[{"start":{"line":65,"column":8},"end":{"line":65,"column":8}},{"start":{"line":65,"column":8},"end":{"line":65,"column":8}}]},"19":{"line":72,"type":"if","locations":[{"start":{"line":72,"column":8},"end":{"line":72,"column":8}},{"start":{"line":72,"column":8},"end":{"line":72,"column":8}}]},"20":{"line":73,"type":"if","locations":[{"start":{"line":73,"column":8},"end":{"line":73,"column":8}},{"start":{"line":73,"column":8},"end":{"line":73,"column":8}}]},"21":{"line":78,"type":"if","locations":[{"start":{"line":78,"column":60},"end":{"line":78,"column":60}},{"start":{"line":78,"column":60},"end":{"line":78,"column":60}}]},"22":{"line":80,"type":"if","locations":[{"start":{"line":80,"column":8},"end":{"line":80,"column":8}},{"start":{"line":80,"column":8},"end":{"line":80,"column":8}}]},"23":{"line":81,"type":"if","locations":[{"start":{"line":81,"column":8},"end":{"line":81,"column":8}},{"start":{"line":81,"column":8},"end":{"line":81,"column":8}}]},"24":{"line":82,"type":"if","locations":[{"start":{"line":82,"column":8},"end":{"line":82,"column":8}},{"start":{"line":82,"column":8},"end":{"line":82,"column":8}}]},"25":{"line":85,"type":"if","locations":[{"start":{"line":85,"column":8},"end":{"line":85,"column":8}},{"start":{"line":85,"column":8},"end":{"line":85,"column":8}}]},"26":{"line":92,"type":"if","locations":[{"start":{"line":92,"column":8},"end":{"line":92,"column":8}},{"start":{"line":92,"column":8},"end":{"line":92,"column":8}}]},"27":{"line":93,"type":"if","locations":[{"start":{"line":93,"column":8},"end":{"line":93,"column":8}},{"start":{"line":93,"column":8},"end":{"line":93,"column":8}}]},"28":{"line":99,"type":"if","locations":[{"start":{"line":99,"column":8},"end":{"line":99,"column":8}},{"start":{"line":99,"column":8},"end":{"line":99,"column":8}}]},"29":{"line":101,"type":"if","locations":[{"start":{"line":101,"column":15},"end":{"line":101,"column":15}},{"start":{"line":101,"column":15},"end":{"line":101,"column":15}}]},"30":{"line":109,"type":"if","locations":[{"start":{"line":109,"column":8},"end":{"line":109,"column":8}},{"start":{"line":109,"column":8},"end":{"line":109,"column":8}}]},"31":{"line":110,"type":"if","locations":[{"start":{"line":110,"column":8},"end":{"line":110,"column":8}},{"start":{"line":110,"column":8},"end":{"line":110,"column":8}}]}}},"contracts\\TokenA.sol":{"l":{"10":1,"14":2,"15":2,"19":0,"20":0},"path":"E:\\test\\simpleDEX\\contracts\\TokenA.sol","s":{"1":1,"2":2,"3":2,"4":0,"5":0},"b":{"1":[2,0],"2":[2,0],"3":[0,0],"4":[0,0]},"f":{"1":1,"2":2,"3":0},"fnMap":{"1":{"name":"constructor","line":9,"loc":{"start":{"line":9,"column":4},"end":{"line":11,"column":4}}},"2":{"name":"mint","line":13,"loc":{"start":{"line":13,"column":4},"end":{"line":16,"column":4}}},"3":{"name":"burn","line":18,"loc":{"start":{"line":18,"column":4},"end":{"line":21,"column":4}}}},"statementMap":{"1":{"start":{"line":10,"column":8},"end":{"line":10,"column":58}},"2":{"start":{"line":14,"column":8},"end":{"line":14,"column":44}},"3":{"start":{"line":15,"column":8},"end":{"line":15,"column":43}},"4":{"start":{"line":19,"column":8},"end":{"line":19,"column":44}},"5":{"start":{"line":20,"column":8},"end":{"line":20,"column":51}}},"branchMap":{"1":{"line":13,"type":"if","locations":[{"start":{"line":13,"column":55},"end":{"line":13,"column":55}},{"start":{"line":13,"column":55},"end":{"line":13,"column":55}}]},"2":{"line":14,"type":"if","locations":[{"start":{"line":14,"column":8},"end":{"line":14,"column":8}},{"start":{"line":14,"column":8},"end":{"line":14,"column":8}}]},"3":{"line":18,"type":"if","locations":[{"start":{"line":18,"column":43},"end":{"line":18,"column":43}},{"start":{"line":18,"column":43},"end":{"line":18,"column":43}}]},"4":{"line":19,"type":"if","locations":[{"start":{"line":19,"column":8},"end":{"line":19,"column":8}},{"start":{"line":19,"column":8},"end":{"line":19,"column":8}}]}}},"contracts\\TokenB.sol":{"l":{"10":1,"14":2,"15":2,"19":0,"20":0},"path":"E:\\test\\simpleDEX\\contracts\\TokenB.sol","s":{"1":1,"2":2,"3":2,"4":0,"5":0},"b":{"1":[2,0],"2":[2,0],"3":[0,0],"4":[0,0]},"f":{"1":1,"2":2,"3":0},"fnMap":{"1":{"name":"constructor","line":9,"loc":{"start":{"line":9,"column":4},"end":{"line":11,"column":4}}},"2":{"name":"mint","line":13,"loc":{"start":{"line":13,"column":4},"end":{"line":16,"column":4}}},"3":{"name":"burn","line":18,"loc":{"start":{"line":18,"column":4},"end":{"line":21,"column":4}}}},"statementMap":{"1":{"start":{"line":10,"column":8},"end":{"line":10,"column":58}},"2":{"start":{"line":14,"column":8},"end":{"line":14,"column":44}},"3":{"start":{"line":15,"column":8},"end":{"line":15,"column":43}},"4":{"start":{"line":19,"column":8},"end":{"line":19,"column":44}},"5":{"start":{"line":20,"column":8},"end":{"line":20,"column":51}}},"branchMap":{"1":{"line":13,"type":"if","locations":[{"start":{"line":13,"column":55},"end":{"line":13,"column":55}},{"start":{"line":13,"column":55},"end":{"line":13,"column":55}}]},"2":{"line":14,"type":"if","locations":[{"start":{"line":14,"column":8},"end":{"line":14,"column":8}},{"start":{"line":14,"column":8},"end":{"line":14,"column":8}}]},"3":{"line":18,"type":"if","locations":[{"start":{"line":18,"column":43},"end":{"line":18,"column":43}},{"start":{"line":18,"column":43},"end":{"line":18,"column":43}}]},"4":{"line":19,"type":"if","locations":[{"start":{"line":19,"column":8},"end":{"line":19,"column":8}},{"start":{"line":19,"column":8},"end":{"line":19,"column":8}}]}}}}