TN:
SF:E:\test\simpleDEX\contracts\ISimpleDEX.sol
FNF:0
FNH:0
LF:0
LH:0
BRF:0
BRH:0
end_of_record
TN:
SF:E:\test\simpleDEX\contracts\Lock.sol
FN:13,constructor
FN:23,withdraw
FNF:2
FNH:2
FNDA:2,constructor
FNDA:5,withdraw
DA:14,2
DA:19,1
DA:20,1
DA:27,5
DA:28,4
DA:30,3
DA:32,3
LF:7
LH:7
BRDA:14,1,0,1
BRDA:14,1,1,1
BRDA:27,2,0,4
BRDA:27,2,1,1
BRDA:28,3,0,3
BRDA:28,3,1,1
BRF:6
BRH:6
end_of_record
TN:
SF:E:\test\simpleDEX\contracts\SimpleDex.sol
FN:20,constructor
FN:25,addLiquidity
FN:42,removeLiquidity
FN:58,swapAforB
FN:78,swapBforA
FN:98,getPrice
FN:108,getAmountOut
FNF:7
FNH:7
FNDA:2,constructor
FNDA:2,addLiquidity
FNDA:1,removeLiquidity
FNDA:2,swapAforB
FNDA:1,swapBforA
FNDA:2,getPrice
FNDA:2,getAmountOut
DA:21,2
DA:22,2
DA:27,2
DA:28,1
DA:29,1
DA:32,1
DA:33,1
DA:36,1
DA:37,1
DA:39,1
DA:44,1
DA:45,1
DA:48,1
DA:49,1
DA:52,1
DA:53,1
DA:55,1
DA:60,2
DA:61,2
DA:62,1
DA:64,1
DA:65,1
DA:68,1
DA:69,1
DA:72,1
DA:73,1
DA:75,1
DA:80,1
DA:81,1
DA:82,1
DA:84,1
DA:85,1
DA:88,1
DA:89,1
DA:92,1
DA:93,1
DA:95,1
DA:99,2
DA:100,1
DA:102,1
DA:104,0
DA:109,2
DA:110,2
DA:113,2
DA:114,2
DA:115,2
LF:46
LH:45
BRDA:25,1,0,2
BRDA:25,1,1,1
BRDA:25,2,0,2
BRDA:25,2,1,0
BRDA:27,3,0,1
BRDA:27,3,1,1
BRDA:28,4,0,1
BRDA:28,4,1,0
BRDA:29,5,0,1
BRDA:29,5,1,0
BRDA:36,6,0,1
BRDA:36,6,1,0
BRDA:37,7,0,1
BRDA:37,7,1,0
BRDA:42,8,0,1
BRDA:42,8,1,0
BRDA:42,9,0,1
BRDA:42,9,1,0
BRDA:44,10,0,1
BRDA:44,10,1,0
BRDA:45,11,0,1
BRDA:45,11,1,0
BRDA:52,12,0,1
BRDA:52,12,1,0
BRDA:53,13,0,1
BRDA:53,13,1,0
BRDA:58,14,0,2
BRDA:58,14,1,0
BRDA:60,15,0,2
BRDA:60,15,1,0
BRDA:61,16,0,1
BRDA:61,16,1,1
BRDA:62,17,0,1
BRDA:62,17,1,0
BRDA:65,18,0,1
BRDA:65,18,1,0
BRDA:72,19,0,1
BRDA:72,19,1,0
BRDA:73,20,0,1
BRDA:73,20,1,0
BRDA:78,21,0,1
BRDA:78,21,1,0
BRDA:80,22,0,1
BRDA:80,22,1,0
BRDA:81,23,0,1
BRDA:81,23,1,0
BRDA:82,24,0,1
BRDA:82,24,1,0
BRDA:85,25,0,1
BRDA:85,25,1,0
BRDA:92,26,0,1
BRDA:92,26,1,0
BRDA:93,27,0,1
BRDA:93,27,1,0
BRDA:99,28,0,1
BRDA:99,28,1,1
BRDA:101,29,0,1
BRDA:101,29,1,0
BRDA:109,30,0,2
BRDA:109,30,1,0
BRDA:110,31,0,2
BRDA:110,31,1,0
BRF:62
BRH:35
end_of_record
TN:
SF:E:\test\simpleDEX\contracts\TokenA.sol
FN:9,constructor
FN:13,mint
FN:18,burn
FNF:3
FNH:2
FNDA:1,constructor
FNDA:2,mint
FNDA:0,burn
DA:10,1
DA:14,2
DA:15,2
DA:19,0
DA:20,0
LF:5
LH:3
BRDA:13,1,0,2
BRDA:13,1,1,0
BRDA:14,2,0,2
BRDA:14,2,1,0
BRDA:18,3,0,0
BRDA:18,3,1,0
BRDA:19,4,0,0
BRDA:19,4,1,0
BRF:8
BRH:2
end_of_record
TN:
SF:E:\test\simpleDEX\contracts\TokenB.sol
FN:9,constructor
FN:13,mint
FN:18,burn
FNF:3
FNH:2
FNDA:1,constructor
FNDA:2,mint
FNDA:0,burn
DA:10,1
DA:14,2
DA:15,2
DA:19,0
DA:20,0
LF:5
LH:3
BRDA:13,1,0,2
BRDA:13,1,1,0
BRDA:14,2,0,2
BRDA:14,2,1,0
BRDA:18,3,0,0
BRDA:18,3,1,0
BRDA:19,4,0,0
BRDA:19,4,1,0
BRF:8
BRH:2
end_of_record
